{"C:\\estudos\\controle-compras\\src\\components\\atoms\\Button.tsx": {"path":"C:\\estudos\\controle-compras\\src\\components\\atoms\\Button.tsx","statementMap":{"0":{"start":{"line":5,"column":41},"end":{"line":7,"column":null}}},"fnMap":{"0":{"name":"(anonymous_0)","decl":{"start":{"line":5,"column":41},"end":{"line":5,"column":42}},"loc":{"start":{"line":5,"column":42},"end":{"line":7,"column":null}},"line":5}},"branchMap":{},"s":{"0":1},"f":{"0":3},"b":{},"meta":{"lastBranch":0,"lastFunction":1,"lastStatement":1,"seen":{"s:5:41:7:Infinity":0,"f:5:41:5:42":0}}}
,"C:\\estudos\\controle-compras\\src\\components\\atoms\\Input.tsx": {"path":"C:\\estudos\\controle-compras\\src\\components\\atoms\\Input.tsx","statementMap":{"0":{"start":{"line":14,"column":35},"end":{"line":32,"column":null}},"1":{"start":{"line":21,"column":29},"end":{"line":21,"column":null}}},"fnMap":{"0":{"name":"(anonymous_0)","decl":{"start":{"line":14,"column":35},"end":{"line":14,"column":36}},"loc":{"start":{"line":14,"column":102},"end":{"line":32,"column":null}},"line":14},"1":{"name":"(anonymous_1)","decl":{"start":{"line":21,"column":22},"end":{"line":21,"column":23}},"loc":{"start":{"line":21,"column":29},"end":{"line":21,"column":null}},"line":21}},"branchMap":{},"s":{"0":1,"1":4},"f":{"0":5,"1":4},"b":{},"meta":{"lastBranch":0,"lastFunction":2,"lastStatement":2,"seen":{"s:14:35:32:Infinity":0,"f:14:35:14:36":0,"f:21:22:21:23":1,"s:21:29:21:Infinity":1}}}
}
